make all --print-data-base --no-builtin-variables --no-builtin-rules --question
# GNU Make 4.2.1
 
# Built for x86_64-pc-linux-gnu
 
# Copyright (C) 1988-2016 Free Software Foundation, Inc.
 
# License GPLv3+: GNU GPL version 3 or later <http://gnu.org/licenses/gpl.html>
 
# This is free software: you are free to change and redistribute it.
 
# There is NO WARRANTY, to the extent permitted by law.
 

 
# Make data base, printed on Wed May  4 00:47:44 2022
 

# Variables
 

 
# 'override' directive
 
GNUMAKEFLAGS := 
 
# automatic
 
<D = $(patsubst %/,%,$(dir $<))
 
# automatic
 
?F = $(notdir $?)
 
# environment
 
DESKTOP_SESSION = ubuntu
 
# default
 
.SHELLFLAGS := -c
 
# makefile (from 'Makefile', line 7)
 
OBJ = $(SCR:.cpp=.o)
 
# environment
 
XDG_SESSION_CLASS = user
 
# environment
 
XDG_SESSION_TYPE = x11
 
# environment
 
VSCODE_LOG_NATIVE = false
 
# automatic
 
?D = $(patsubst %/,%,$(dir $?))
 
# environment
 
IM_CONFIG_PHASE = 1
 
# automatic
 
@D = $(patsubst %/,%,$(dir $@))
 
# environment
 
XAUTHORITY = /run/user/1000/gdm/Xauthority
 
# environment
 
GDMSESSION = ubuntu
# environment
XMODIFIERS = @im=ibus
# makefile
CURDIR := /home/tnkln/Documents/Projets/Pack-Man
# makefile
SHELL = /bin/sh
 
# makefile (from 'Makefile', line 1)
BIN = bin/packman 
# environment
VSCODE_NLS_CONFIG = {"locale":"en-us","availableLanguages":{},"_languagePackSupport":true}
# environment
_ = /usr/share/code/code
# makefile (from 'Makefile', line 5)
CFLAGS = -Wall -g -std=c++11
# environment
JOURNAL_STREAM = 8:43725
# environment
XDG_CONFIG_DIRS = /etc/xdg/xdg-ubuntu:/etc/xdg
# makefile (from 'Makefile', line 1)
MAKEFILE_LIST :=  Makefile
# automatic
@F = $(notdir $@)
# environment
GIO_LAUNCHED_DESKTOP_FILE = /usr/share/applications/code.desktop
# environment
USERNAME = tnkln
# environment
MAKELEVEL := 0
# environment
XDG_DATA_DIRS = /usr/share/ubuntu:/usr/local/share/:/usr/share/:/var/lib/snapd/desktop
# environment
DBUS_SESSION_BUS_ADDRESS = unix:path=/run/user/1000/bus
# environment
VSCODE_VERBOSE_LOGGING = true
# environment
MANAGERPID = 1486
# environment
LESSOPEN = | /usr/bin/lesspipe %s
# environment
LC_NAME = fr_FR.UTF-8
# environment
VSCODE_CWD = /home/tnkln
# environment
GSETTINGS_SCHEMA_DIR = /home/tnkln/data
# default
MAKE_HOST := x86_64-pc-linux-gnu
# environment
PATH = /home/tnkln/.local/bin:/home/tnkln/.local/bin:/usr/local/sbin:/usr/local/bin:/usr/sbin:/usr/bin:/sbin:/bin:/usr/games:/usr/local/games:/snap/bin
# environment
GPG_AGENT_INFO = /run/user/1000/gnupg/S.gpg-agent:0:1
# environment
SESSION_MANAGER = local/tnkln-Lenovo-ideapad-530S-14IKB:@/tmp/.ICE-unix/1744,unix/tnkln-Lenovo-ideapad-530S-14IKB:/tmp/.ICE-unix/1744
# environment
XDG_RUNTIME_DIR = /run/user/1000
# environment
XDG_MENU_PREFIX = gnome-
# environment
VSCODE_LOG_STACK = false
# environment
ELECTRON_RUN_AS_NODE = 1
# environment
INVOCATION_ID = 7f8778c1aff04af0a06ec70d88870f02
# default
 
.FEATURES := target-specific order-only second-expansion else-if shortest-stem undefine oneshell archives jobserver output-sync check-symlink load
# environment
LS_COLORS = 
# environment
XDG_SESSION_DESKTOP = ubuntu
# environment
SSH_AUTH_SOCK = /run/user/1000/keyring/ssh
# environment
GIO_LAUNCHED_DESKTOP_FILE_PID = 22407
# automatic
%F = $(notdir $%)
# environment
DISPLAY = :1
# environment
VSCODE_PIPE_LOGGING = true
# environment
PWD = /home/tnkln/Documents/Projets/Pack-Man
# default
.LOADED := 
# environment
SSH_AGENT_PID = 1709
# environment
ORIGINAL_XDG_CURRENT_DESKTOP = ubuntu:GNOME
# environment
GTK_MODULES = gail:atk-bridge
# environment
VSCODE_AMD_ENTRYPOINT = vs/workbench/api/node/extensionHostProcess
# environment
HOME = /home/tnkln
# environment
LESSCLOSE = /usr/bin/lesspipe %s %s
# environment
VSCODE_CODE_CACHE_PATH = /home/tnkln/.config/Code/CachedData/dfd34e8260c270da74b5c2d86d61aee4b6d56977
# environment
LOGNAME = tnkln
# environment
APPLICATION_INSIGHTS_NO_DIAGNOSTIC_CHANNEL = 1
# automatic
+F = $(notdir $+)
# environment
VSCODE_HANDLES_UNCAUGHT_ERRORS = true
# environment
GNOME_DESKTOP_SESSION_ID = this-is-deprecated
# automatic
^D = $(patsubst %/,%,$(dir $^))
# environment
LC_TIME = fr_FR.UTF-8
# default
MAKE = $(MAKE_COMMAND)
 
# default
MAKECMDGOALS := all
# environment
QT_IM_MODULE = ibus
# environment
SHLVL = 0
# makefile (from 'Makefile', line 4)
CC = g++
# environment
GNOME_SHELL_SESSION_MODE = ubuntu
# environment
VSCODE_IPC_HOOK_EXTHOST = /run/user/1000/vscode-ipc-c5160d2c-def9-4925-807f-0b10f1810d11.sock
# default
MAKE_VERSION := 4.2.1
# environment
USER = tnkln
# environment
LC_MONETARY = fr_FR.UTF-8
# makefile
.DEFAULT_GOAL := bin/packman
# environment
XDG_CURRENT_DESKTOP = Unity
# automatic
%D = $(patsubst %/,%,$(dir $%))
# environment
LC_TELEPHONE = fr_FR.UTF-8
# default
MAKE_COMMAND := make
# default
.VARIABLES := 
# automatic
*F = $(notdir $*)
# environment
VSCODE_IPC_HOOK = /run/user/1000/vscode-45d95aaa-1.66.2-main.sock
# makefile
MAKEFLAGS = pqrR
# environment
MFLAGS = -pqrR
# automatic
*D = $(patsubst %/,%,$(dir $*))
# makefile (from 'Makefile', line 3)
MAIN = main.cpp
# automatic
+D = $(patsubst %/,%,$(dir $+))
# environment
GDK_BACKEND = x11
# environment
 
LC_PAPER = fr_FR.UTF-8
# environment
GTK2_MODULES = overlay-scrollbar
# environment
QT_ACCESSIBILITY = 1
# default
MAKEFILES := 
# environment
LC_NUMERIC = fr_FR.UTF-8
# automatic
<F = $(notdir $<)
# environment
LC_MEASUREMENT = fr_FR.UTF-8
# environment
LC_ALL = C
# automatic
^F = $(notdir $^)
# default
SUFFIXES := 
# environment
CHROME_DESKTOP = code-url-handler.desktop
# environment
WINDOWPATH = 2
# default
.INCLUDE_DIRS = /usr/include /usr/local/include /usr/include
# environment
LC_IDENTIFICATION = fr_FR.UTF-8
# default
.RECIPEPREFIX := 
# environment
LC_ADDRESS = fr_FR.UTF-8
# environment
LANG = C
# environment
VSCODE_PID = 22407
# makefile (from 'Makefile', line 6)
SCR = $(wildcard scr/*.cpp)
# variable set hash-table stats:
 
# Load=112/1024=11%, Rehash=0, Collisions=19/139=14%

# Pattern-specific Variable Values

# No pattern-specific variable values.

# Directories

# . (device 66307, inode 8128642): 12 files, no impossibilities.
# scr (device 66307, inode 8131518): 8 files, no impossibilities.

# 20 files, no impossibilities in 2 directories.

# Implicit Rules

obj/%.o: scr/%.cpp
#  recipe to execute (from 'Makefile', line 10):
	$(CC) $(CFLAGS) -o $(BIN) $@ -c $<

# 1 implicit rules, 0 (0.0%) terminal.

# Files

# Not a target:
all:
#  Command line target.
#  Implicit rule search has been done.
#  Last modified 2022-05-03 23:49:09.749417669
#  File has been updated.
#  Successfully updated.

 
# Not a target:
scr/main.o:
#  Implicit rule search has not been done.
#  Modification time never checked.
#  File has not been updated.

# Not a target:
obj/glad.o:
#  Implicit rule search has not been done.
#  Modification time never checked.
#  File has not been updated.

# Not a target:
Makefile:
#  Implicit rule search has been done.
#  Last modified 2022-05-04 00:43:58.580257528
#  File has been updated.
#  Successfully updated.

# Not a target:
scr/Player.o:
#  Implicit rule search has not been done.
#  Modification time never checked.
#  File has not been updated.

bin/packman: scr/Wall.o scr/Carte.o scr/Player.o scr/Square.o scr/main.o obj/glad.o
#  Implicit rule search has not been done.
#  Modification time never checked.
#  File has not been updated.
#  recipe to execute (from 'Makefile', line 13):
	$(CC) $(CFLAGS) -o $@ $+ -lglfw -ldl

# Not a target:
scr/Wall.o:
#  Implicit rule search has not been done.
#  Modification time never checked.
#  File has not been updated.
 

# Not a target:
.DEFAULT:
#  Implicit rule search has not been done.
#  Modification time never checked.
#  File has not been updated.

# Not a target:
scr/Square.o:
#  Implicit rule search has not been done.
#  Modification time never checked.
#  File has not been updated.

# Not a target:
scr/Carte.o:
#  Implicit rule search has not been done.
#  Modification time never checked.
#  File has not been updated.

mv:
#  Implicit rule search has not been done.
#  Modification time never checked.
#  File has not been updated.
#  recipe to execute (from 'Makefile', line 16):
	mv scr/*.o ./obj

# files hash-table stats:
# Load=12/1024=1%, Rehash=0, Collisions=0/28=0%
# VPATH Search Paths

# No 'vpath' search paths.

# No general ('VPATH' variable) search path.

# strcache buffers: 1 (0) / strings = 32 / storage = 286 B / avg = 8 B
 
# current buf: size = 8162 B / used = 286 B / count = 32 / avg = 8 B

# strcache performance: lookups = 42 / hit rate = 23%
# hash-table stats:
# Load=32/8192=0%, Rehash=0, Collisions=2/42=5%
# Finished Make data base on Wed May  4 00:47:44 2022

 
